[18:52:41.197][INFO][CraftTweaker-EarlyInit]: CraftTweaker is running on a Minecraft 1.20.1 production client modded with platform Fabric
[18:52:41.202][INFO][CraftTweaker-EarlyInit]: Successfully injected RecipeFS file system
[18:52:44.091][INFO][CraftTweaker-Plugins]: Successfully identified and loaded plugin farmersdelight:crafttweaker_plugin
[18:52:44.092][INFO][CraftTweaker-Plugins]: Successfully identified and loaded plugin jeitweaker:common
[18:52:44.096][INFO][CraftTweaker-Plugins]: Successfully identified and loaded plugin crafttweaker:builtin
[18:52:44.102][INFO][JEITweaker]: Identified JeiTweaker plugin 'jeitweaker:fabric': loading scheduled
[18:52:44.102][INFO][JEITweaker]: Identified JeiTweaker plugin 'jeitweaker:common': loading scheduled
[18:52:44.103][INFO][JEITweaker]: JEITweaker Environmental Check: the combination of mods [jei] is fully supported
[18:52:44.103][INFO][JEITweaker]: Running JeiTweaker plugin initialization
[18:52:44.110][INFO][JEITweaker]: JeiTweaker plugin initialization completed successfully
[18:52:44.317][INFO][CraftTweaker]: The following mods have explicit CraftTweaker support through the default plugin:
[18:52:44.318][INFO][CraftTweaker]: - 'crafttweaker' at version '14.0.43'
[18:52:44.318][INFO][CraftTweaker]: - 'farmersdelight' at version '1.20.1-2.1.6+refabricated'
[18:52:44.318][INFO][CraftTweaker]: - 'jeitweaker' at version '8.0.6'
[18:52:44.486][INFO][CraftTweaker-ZenCode]: Started loading scripts for loader 'initialize'
[18:52:44.674][INFO][CraftTweaker-ZenCode]: Compiling and executing scripts
[18:52:44.699][INFO][CraftTweaker-ZenCode]: Successfully initialized modules [crafttweaker, expansions]
[18:52:44.762][INFO][CraftTweaker-ZenCode]: Execution for loader 'initialize' completed successfully
[18:53:43.802][INFO][CraftTweaker-ZenCode]: Started loading scripts for loader 'tags'
[18:53:43.819][INFO][CraftTweaker-ZenCode]: Compiling and executing scripts
[18:53:43.832][INFO][CraftTweaker-ZenCode]: Successfully initialized modules [crafttweaker, expansions]
[18:53:43.839][INFO][CraftTweaker-ZenCode]: Execution for loader 'tags' completed successfully
[18:53:57.487][INFO][CraftTweaker]: CraftTweaker reload starting!
[18:53:57.498][INFO][CraftTweaker-ZenCode]: Started loading scripts for loader 'crafttweaker'
[18:53:57.514][INFO][CraftTweaker-ZenCode]: Compiling and executing scripts
[18:53:57.787][INFO][CraftTweaker-ZenCode]: Successfully initialized modules [farmersdelight, mods, crafttweaker, expansions]
[18:53:57.795][INFO][CraftTweaker-ZenCode]: Execution for loader 'crafttweaker' completed successfully
[18:53:57.796][INFO][CraftTweaker]: CraftTweaker reload complete!
